  [1m[35m (0.1ms)[0m  [1m[34mSELECT sqlite_version(*)[0m
  [1m[35m (1.6ms)[0m  [1m[35mCREATE TABLE "schema_migrations" ("version" varchar NOT NULL PRIMARY KEY)[0m
  [1m[35m (1.2ms)[0m  [1m[35mCREATE TABLE "ar_internal_metadata" ("key" varchar NOT NULL PRIMARY KEY, "value" varchar, "created_at" datetime NOT NULL, "updated_at" datetime NOT NULL)[0m
  [1m[35m (0.2ms)[0m  [1m[34mSELECT "schema_migrations"."version" FROM "schema_migrations" ORDER BY "schema_migrations"."version" ASC[0m
Migrating to CreateUsers (20170808152742)
  [1m[35m (0.1ms)[0m  [1m[36mbegin transaction[0m
  [1m[35m (0.4ms)[0m  [1m[35mCREATE TABLE "users" ("id" INTEGER PRIMARY KEY AUTOINCREMENT NOT NULL, "name" varchar, "email" varchar, "password_digest" varchar, "auth_token" varchar)[0m
  [1m[35m (0.1ms)[0m  [1m[35mCREATE UNIQUE INDEX "index_users_on_auth_token" ON "users" ("auth_token")[0m
  [1m[35mSQL (0.2ms)[0m  [1m[32mINSERT INTO "schema_migrations" ("version") VALUES (?)[0m  [["version", "20170808152742"]]
  [1m[35m (1.1ms)[0m  [1m[36mcommit transaction[0m
Migrating to CreateFavorites (20170808152750)
  [1m[35m (0.1ms)[0m  [1m[36mbegin transaction[0m
  [1m[35m (0.4ms)[0m  [1m[35mCREATE TABLE "favorites" ("id" INTEGER PRIMARY KEY AUTOINCREMENT NOT NULL, "name" varchar, "image" varchar, "address" varchar, "phone" varchar, "rating" integer, "website" varchar)[0m
  [1m[35mSQL (0.2ms)[0m  [1m[32mINSERT INTO "schema_migrations" ("version") VALUES (?)[0m  [["version", "20170808152750"]]
  [1m[35m (0.9ms)[0m  [1m[36mcommit transaction[0m
  [1m[36mActiveRecord::InternalMetadata Load (0.3ms)[0m  [1m[34mSELECT  "ar_internal_metadata".* FROM "ar_internal_metadata" WHERE "ar_internal_metadata"."key" = ? LIMIT ?[0m  [["key", "environment"], ["LIMIT", 1]]
  [1m[35m (0.1ms)[0m  [1m[36mbegin transaction[0m
  [1m[35mSQL (0.4ms)[0m  [1m[32mINSERT INTO "ar_internal_metadata" ("key", "value", "created_at", "updated_at") VALUES (?, ?, ?, ?)[0m  [["key", "environment"], ["value", "development"], ["created_at", "2017-08-08 15:36:38.020717"], ["updated_at", "2017-08-08 15:36:38.020717"]]
  [1m[35m (0.9ms)[0m  [1m[36mcommit transaction[0m
  [1m[35m (0.2ms)[0m  [1m[34mSELECT "schema_migrations"."version" FROM "schema_migrations" ORDER BY "schema_migrations"."version" ASC[0m
  [1m[35m (0.2ms)[0m  [1m[34m            SELECT sql
            FROM sqlite_master
            WHERE name='index_users_on_auth_token' AND type='index'
            UNION ALL
            SELECT sql
            FROM sqlite_temp_master
            WHERE name='index_users_on_auth_token' AND type='index'
[0m
Started GET "/api" for 127.0.0.1 at 2017-08-08 16:37:48 -0400
  [1m[35m (0.5ms)[0m  [1m[34mSELECT "schema_migrations"."version" FROM "schema_migrations" ORDER BY "schema_migrations"."version" ASC[0m
  
ActionController::RoutingError (uninitialized constant FavoritesController):
  
activesupport (5.1.3) lib/active_support/inflector/methods.rb:269:in `const_get'
activesupport (5.1.3) lib/active_support/inflector/methods.rb:269:in `block in constantize'
activesupport (5.1.3) lib/active_support/inflector/methods.rb:267:in `each'
activesupport (5.1.3) lib/active_support/inflector/methods.rb:267:in `inject'
activesupport (5.1.3) lib/active_support/inflector/methods.rb:267:in `constantize'
actionpack (5.1.3) lib/action_dispatch/http/request.rb:82:in `controller_class'
actionpack (5.1.3) lib/action_dispatch/routing/route_set.rb:43:in `controller'
actionpack (5.1.3) lib/action_dispatch/routing/route_set.rb:29:in `serve'
actionpack (5.1.3) lib/action_dispatch/journey/router.rb:46:in `block in serve'
actionpack (5.1.3) lib/action_dispatch/journey/router.rb:33:in `each'
actionpack (5.1.3) lib/action_dispatch/journey/router.rb:33:in `serve'
actionpack (5.1.3) lib/action_dispatch/routing/route_set.rb:834:in `call'
rack (2.0.3) lib/rack/etag.rb:25:in `call'
rack (2.0.3) lib/rack/conditional_get.rb:25:in `call'
rack (2.0.3) lib/rack/head.rb:12:in `call'
activerecord (5.1.3) lib/active_record/migration.rb:556:in `call'
actionpack (5.1.3) lib/action_dispatch/middleware/callbacks.rb:26:in `block in call'
activesupport (5.1.3) lib/active_support/callbacks.rb:97:in `run_callbacks'
actionpack (5.1.3) lib/action_dispatch/middleware/callbacks.rb:24:in `call'
actionpack (5.1.3) lib/action_dispatch/middleware/executor.rb:12:in `call'
actionpack (5.1.3) lib/action_dispatch/middleware/debug_exceptions.rb:59:in `call'
actionpack (5.1.3) lib/action_dispatch/middleware/show_exceptions.rb:31:in `call'
railties (5.1.3) lib/rails/rack/logger.rb:36:in `call_app'
railties (5.1.3) lib/rails/rack/logger.rb:24:in `block in call'
activesupport (5.1.3) lib/active_support/tagged_logging.rb:69:in `block in tagged'
activesupport (5.1.3) lib/active_support/tagged_logging.rb:26:in `tagged'
activesupport (5.1.3) lib/active_support/tagged_logging.rb:69:in `tagged'
railties (5.1.3) lib/rails/rack/logger.rb:24:in `call'
actionpack (5.1.3) lib/action_dispatch/middleware/remote_ip.rb:79:in `call'
actionpack (5.1.3) lib/action_dispatch/middleware/request_id.rb:25:in `call'
rack (2.0.3) lib/rack/runtime.rb:22:in `call'
activesupport (5.1.3) lib/active_support/cache/strategy/local_cache_middleware.rb:27:in `call'
actionpack (5.1.3) lib/action_dispatch/middleware/executor.rb:12:in `call'
actionpack (5.1.3) lib/action_dispatch/middleware/static.rb:125:in `call'
rack (2.0.3) lib/rack/sendfile.rb:111:in `call'
rack-cors (1.0.1) lib/rack/cors.rb:93:in `call'
railties (5.1.3) lib/rails/engine.rb:522:in `call'
puma (3.9.1) lib/puma/configuration.rb:224:in `call'
puma (3.9.1) lib/puma/server.rb:602:in `handle_request'
puma (3.9.1) lib/puma/server.rb:435:in `process_client'
puma (3.9.1) lib/puma/server.rb:299:in `block in run'
puma (3.9.1) lib/puma/thread_pool.rb:120:in `block in spawn_thread'
Started GET "/api" for 127.0.0.1 at 2017-08-08 16:38:20 -0400
  
ActionController::RoutingError (uninitialized constant FavoritesController):
  
activesupport (5.1.3) lib/active_support/inflector/methods.rb:269:in `const_get'
activesupport (5.1.3) lib/active_support/inflector/methods.rb:269:in `block in constantize'
activesupport (5.1.3) lib/active_support/inflector/methods.rb:267:in `each'
activesupport (5.1.3) lib/active_support/inflector/methods.rb:267:in `inject'
activesupport (5.1.3) lib/active_support/inflector/methods.rb:267:in `constantize'
actionpack (5.1.3) lib/action_dispatch/http/request.rb:82:in `controller_class'
actionpack (5.1.3) lib/action_dispatch/routing/route_set.rb:43:in `controller'
actionpack (5.1.3) lib/action_dispatch/routing/route_set.rb:29:in `serve'
actionpack (5.1.3) lib/action_dispatch/journey/router.rb:46:in `block in serve'
actionpack (5.1.3) lib/action_dispatch/journey/router.rb:33:in `each'
actionpack (5.1.3) lib/action_dispatch/journey/router.rb:33:in `serve'
actionpack (5.1.3) lib/action_dispatch/routing/route_set.rb:834:in `call'
rack (2.0.3) lib/rack/etag.rb:25:in `call'
rack (2.0.3) lib/rack/conditional_get.rb:25:in `call'
rack (2.0.3) lib/rack/head.rb:12:in `call'
activerecord (5.1.3) lib/active_record/migration.rb:556:in `call'
actionpack (5.1.3) lib/action_dispatch/middleware/callbacks.rb:26:in `block in call'
activesupport (5.1.3) lib/active_support/callbacks.rb:97:in `run_callbacks'
actionpack (5.1.3) lib/action_dispatch/middleware/callbacks.rb:24:in `call'
actionpack (5.1.3) lib/action_dispatch/middleware/executor.rb:12:in `call'
actionpack (5.1.3) lib/action_dispatch/middleware/debug_exceptions.rb:59:in `call'
actionpack (5.1.3) lib/action_dispatch/middleware/show_exceptions.rb:31:in `call'
railties (5.1.3) lib/rails/rack/logger.rb:36:in `call_app'
railties (5.1.3) lib/rails/rack/logger.rb:24:in `block in call'
activesupport (5.1.3) lib/active_support/tagged_logging.rb:69:in `block in tagged'
activesupport (5.1.3) lib/active_support/tagged_logging.rb:26:in `tagged'
activesupport (5.1.3) lib/active_support/tagged_logging.rb:69:in `tagged'
railties (5.1.3) lib/rails/rack/logger.rb:24:in `call'
actionpack (5.1.3) lib/action_dispatch/middleware/remote_ip.rb:79:in `call'
actionpack (5.1.3) lib/action_dispatch/middleware/request_id.rb:25:in `call'
rack (2.0.3) lib/rack/runtime.rb:22:in `call'
activesupport (5.1.3) lib/active_support/cache/strategy/local_cache_middleware.rb:27:in `call'
actionpack (5.1.3) lib/action_dispatch/middleware/executor.rb:12:in `call'
actionpack (5.1.3) lib/action_dispatch/middleware/static.rb:125:in `call'
rack (2.0.3) lib/rack/sendfile.rb:111:in `call'
rack-cors (1.0.1) lib/rack/cors.rb:93:in `call'
railties (5.1.3) lib/rails/engine.rb:522:in `call'
puma (3.9.1) lib/puma/configuration.rb:224:in `call'
puma (3.9.1) lib/puma/server.rb:602:in `handle_request'
puma (3.9.1) lib/puma/server.rb:435:in `process_client'
puma (3.9.1) lib/puma/server.rb:299:in `block in run'
puma (3.9.1) lib/puma/thread_pool.rb:120:in `block in spawn_thread'
Started GET "/favicon.ico" for 127.0.0.1 at 2017-08-08 16:38:31 -0400
  
ActionController::RoutingError (No route matches [GET] "/favicon.ico"):
  
actionpack (5.1.3) lib/action_dispatch/middleware/debug_exceptions.rb:63:in `call'
actionpack (5.1.3) lib/action_dispatch/middleware/show_exceptions.rb:31:in `call'
railties (5.1.3) lib/rails/rack/logger.rb:36:in `call_app'
railties (5.1.3) lib/rails/rack/logger.rb:24:in `block in call'
activesupport (5.1.3) lib/active_support/tagged_logging.rb:69:in `block in tagged'
activesupport (5.1.3) lib/active_support/tagged_logging.rb:26:in `tagged'
activesupport (5.1.3) lib/active_support/tagged_logging.rb:69:in `tagged'
railties (5.1.3) lib/rails/rack/logger.rb:24:in `call'
actionpack (5.1.3) lib/action_dispatch/middleware/remote_ip.rb:79:in `call'
actionpack (5.1.3) lib/action_dispatch/middleware/request_id.rb:25:in `call'
rack (2.0.3) lib/rack/runtime.rb:22:in `call'
activesupport (5.1.3) lib/active_support/cache/strategy/local_cache_middleware.rb:27:in `call'
actionpack (5.1.3) lib/action_dispatch/middleware/executor.rb:12:in `call'
actionpack (5.1.3) lib/action_dispatch/middleware/static.rb:125:in `call'
rack (2.0.3) lib/rack/sendfile.rb:111:in `call'
rack-cors (1.0.1) lib/rack/cors.rb:93:in `call'
railties (5.1.3) lib/rails/engine.rb:522:in `call'
puma (3.9.1) lib/puma/configuration.rb:224:in `call'
puma (3.9.1) lib/puma/server.rb:602:in `handle_request'
puma (3.9.1) lib/puma/server.rb:435:in `process_client'
puma (3.9.1) lib/puma/server.rb:299:in `block in run'
puma (3.9.1) lib/puma/thread_pool.rb:120:in `block in spawn_thread'
Started GET "/api" for 127.0.0.1 at 2017-08-08 16:40:12 -0400
  
LoadError (Unable to autoload constant FavoritesController, expected /Users/deathstar/code/wdi/projects/brunchtime/brunch_rails/app/controllers/favorites_controller.rb to define it):
  
activesupport (5.1.3) lib/active_support/dependencies.rb:511:in `load_missing_constant'
activesupport (5.1.3) lib/active_support/dependencies.rb:202:in `const_missing'
activesupport (5.1.3) lib/active_support/inflector/methods.rb:269:in `const_get'
activesupport (5.1.3) lib/active_support/inflector/methods.rb:269:in `block in constantize'
activesupport (5.1.3) lib/active_support/inflector/methods.rb:267:in `each'
activesupport (5.1.3) lib/active_support/inflector/methods.rb:267:in `inject'
activesupport (5.1.3) lib/active_support/inflector/methods.rb:267:in `constantize'
activesupport (5.1.3) lib/active_support/dependencies.rb:582:in `get'
activesupport (5.1.3) lib/active_support/dependencies.rb:613:in `constantize'
actionpack (5.1.3) lib/action_dispatch/http/request.rb:82:in `controller_class'
actionpack (5.1.3) lib/action_dispatch/routing/route_set.rb:43:in `controller'
actionpack (5.1.3) lib/action_dispatch/routing/route_set.rb:29:in `serve'
actionpack (5.1.3) lib/action_dispatch/journey/router.rb:46:in `block in serve'
actionpack (5.1.3) lib/action_dispatch/journey/router.rb:33:in `each'
actionpack (5.1.3) lib/action_dispatch/journey/router.rb:33:in `serve'
actionpack (5.1.3) lib/action_dispatch/routing/route_set.rb:834:in `call'
rack (2.0.3) lib/rack/etag.rb:25:in `call'
rack (2.0.3) lib/rack/conditional_get.rb:25:in `call'
rack (2.0.3) lib/rack/head.rb:12:in `call'
activerecord (5.1.3) lib/active_record/migration.rb:556:in `call'
actionpack (5.1.3) lib/action_dispatch/middleware/callbacks.rb:26:in `block in call'
activesupport (5.1.3) lib/active_support/callbacks.rb:97:in `run_callbacks'
actionpack (5.1.3) lib/action_dispatch/middleware/callbacks.rb:24:in `call'
actionpack (5.1.3) lib/action_dispatch/middleware/executor.rb:12:in `call'
actionpack (5.1.3) lib/action_dispatch/middleware/debug_exceptions.rb:59:in `call'
actionpack (5.1.3) lib/action_dispatch/middleware/show_exceptions.rb:31:in `call'
railties (5.1.3) lib/rails/rack/logger.rb:36:in `call_app'
railties (5.1.3) lib/rails/rack/logger.rb:24:in `block in call'
activesupport (5.1.3) lib/active_support/tagged_logging.rb:69:in `block in tagged'
activesupport (5.1.3) lib/active_support/tagged_logging.rb:26:in `tagged'
activesupport (5.1.3) lib/active_support/tagged_logging.rb:69:in `tagged'
railties (5.1.3) lib/rails/rack/logger.rb:24:in `call'
actionpack (5.1.3) lib/action_dispatch/middleware/remote_ip.rb:79:in `call'
actionpack (5.1.3) lib/action_dispatch/middleware/request_id.rb:25:in `call'
rack (2.0.3) lib/rack/runtime.rb:22:in `call'
activesupport (5.1.3) lib/active_support/cache/strategy/local_cache_middleware.rb:27:in `call'
actionpack (5.1.3) lib/action_dispatch/middleware/executor.rb:12:in `call'
actionpack (5.1.3) lib/action_dispatch/middleware/static.rb:125:in `call'
rack (2.0.3) lib/rack/sendfile.rb:111:in `call'
rack-cors (1.0.1) lib/rack/cors.rb:93:in `call'
railties (5.1.3) lib/rails/engine.rb:522:in `call'
puma (3.9.1) lib/puma/configuration.rb:224:in `call'
puma (3.9.1) lib/puma/server.rb:602:in `handle_request'
puma (3.9.1) lib/puma/server.rb:435:in `process_client'
puma (3.9.1) lib/puma/server.rb:299:in `block in run'
puma (3.9.1) lib/puma/thread_pool.rb:120:in `block in spawn_thread'
Started GET "/api" for 127.0.0.1 at 2017-08-08 16:41:01 -0400
  
LoadError (Unable to autoload constant FavoritesController, expected /Users/deathstar/code/wdi/projects/brunchtime/brunch_rails/app/controllers/favorites_controller.rb to define it):
  
activesupport (5.1.3) lib/active_support/dependencies.rb:511:in `load_missing_constant'
activesupport (5.1.3) lib/active_support/dependencies.rb:202:in `const_missing'
activesupport (5.1.3) lib/active_support/inflector/methods.rb:269:in `const_get'
activesupport (5.1.3) lib/active_support/inflector/methods.rb:269:in `block in constantize'
activesupport (5.1.3) lib/active_support/inflector/methods.rb:267:in `each'
activesupport (5.1.3) lib/active_support/inflector/methods.rb:267:in `inject'
activesupport (5.1.3) lib/active_support/inflector/methods.rb:267:in `constantize'
activesupport (5.1.3) lib/active_support/dependencies.rb:582:in `get'
activesupport (5.1.3) lib/active_support/dependencies.rb:613:in `constantize'
actionpack (5.1.3) lib/action_dispatch/http/request.rb:82:in `controller_class'
actionpack (5.1.3) lib/action_dispatch/routing/route_set.rb:43:in `controller'
actionpack (5.1.3) lib/action_dispatch/routing/route_set.rb:29:in `serve'
actionpack (5.1.3) lib/action_dispatch/journey/router.rb:46:in `block in serve'
actionpack (5.1.3) lib/action_dispatch/journey/router.rb:33:in `each'
actionpack (5.1.3) lib/action_dispatch/journey/router.rb:33:in `serve'
actionpack (5.1.3) lib/action_dispatch/routing/route_set.rb:834:in `call'
rack (2.0.3) lib/rack/etag.rb:25:in `call'
rack (2.0.3) lib/rack/conditional_get.rb:25:in `call'
rack (2.0.3) lib/rack/head.rb:12:in `call'
activerecord (5.1.3) lib/active_record/migration.rb:556:in `call'
actionpack (5.1.3) lib/action_dispatch/middleware/callbacks.rb:26:in `block in call'
activesupport (5.1.3) lib/active_support/callbacks.rb:97:in `run_callbacks'
actionpack (5.1.3) lib/action_dispatch/middleware/callbacks.rb:24:in `call'
actionpack (5.1.3) lib/action_dispatch/middleware/executor.rb:12:in `call'
actionpack (5.1.3) lib/action_dispatch/middleware/debug_exceptions.rb:59:in `call'
actionpack (5.1.3) lib/action_dispatch/middleware/show_exceptions.rb:31:in `call'
railties (5.1.3) lib/rails/rack/logger.rb:36:in `call_app'
railties (5.1.3) lib/rails/rack/logger.rb:24:in `block in call'
activesupport (5.1.3) lib/active_support/tagged_logging.rb:69:in `block in tagged'
activesupport (5.1.3) lib/active_support/tagged_logging.rb:26:in `tagged'
activesupport (5.1.3) lib/active_support/tagged_logging.rb:69:in `tagged'
railties (5.1.3) lib/rails/rack/logger.rb:24:in `call'
actionpack (5.1.3) lib/action_dispatch/middleware/remote_ip.rb:79:in `call'
actionpack (5.1.3) lib/action_dispatch/middleware/request_id.rb:25:in `call'
rack (2.0.3) lib/rack/runtime.rb:22:in `call'
activesupport (5.1.3) lib/active_support/cache/strategy/local_cache_middleware.rb:27:in `call'
actionpack (5.1.3) lib/action_dispatch/middleware/executor.rb:12:in `call'
actionpack (5.1.3) lib/action_dispatch/middleware/static.rb:125:in `call'
rack (2.0.3) lib/rack/sendfile.rb:111:in `call'
rack-cors (1.0.1) lib/rack/cors.rb:93:in `call'
railties (5.1.3) lib/rails/engine.rb:522:in `call'
puma (3.9.1) lib/puma/configuration.rb:224:in `call'
puma (3.9.1) lib/puma/server.rb:602:in `handle_request'
puma (3.9.1) lib/puma/server.rb:435:in `process_client'
puma (3.9.1) lib/puma/server.rb:299:in `block in run'
puma (3.9.1) lib/puma/thread_pool.rb:120:in `block in spawn_thread'
Started GET "/api" for 127.0.0.1 at 2017-08-08 16:42:29 -0400
Processing by FavoritesController#query as HTML
Completed 500 Internal Server Error in 1ms


  
NoMethodError (undefined method `[]' for nil:NilClass):
  
app/controllers/favorites_controller.rb:11:in `query'
Started GET "/api" for 127.0.0.1 at 2017-08-08 16:43:22 -0400
Processing by FavoritesController#query as HTML
Completed 204 No Content in 130ms


Started GET "/api" for 127.0.0.1 at 2017-08-08 16:43:31 -0400
Processing by FavoritesController#query as HTML
Completed 204 No Content in 92ms


Started GET "/api" for 127.0.0.1 at 2017-08-08 16:43:41 -0400
Processing by FavoritesController#query as HTML
Completed 204 No Content in 144ms


Started GET "/api" for 127.0.0.1 at 2017-08-08 16:43:43 -0400
Processing by FavoritesController#query as HTML
Completed 204 No Content in 97ms


Started GET "/api" for 127.0.0.1 at 2017-08-08 16:44:09 -0400
Processing by FavoritesController#query as HTML
Completed 500 Internal Server Error in 2ms


  
NoMethodError (undefined method `[]' for nil:NilClass):
  
app/controllers/favorites_controller.rb:12:in `query'
Started GET "/api" for 127.0.0.1 at 2017-08-08 16:44:57 -0400
Processing by FavoritesController#query as HTML
Completed 204 No Content in 142ms


Started GET "/api" for 127.0.0.1 at 2017-08-08 16:45:25 -0400
Processing by FavoritesController#query as HTML
Completed 500 Internal Server Error in 1ms


  
NoMethodError (undefined method `[]' for nil:NilClass):
  
app/controllers/favorites_controller.rb:12:in `query'
Started GET "/api" for 127.0.0.1 at 2017-08-08 16:45:32 -0400
Processing by FavoritesController#query as HTML
Completed 500 Internal Server Error in 1ms


  
NoMethodError (undefined method `[]' for nil:NilClass):
  
app/controllers/favorites_controller.rb:12:in `query'
Started GET "/api" for 127.0.0.1 at 2017-08-08 16:46:37 -0400
Processing by FavoritesController#query as HTML
Completed 500 Internal Server Error in 103ms


  
NameError (undefined local variable or method `search_params' for #<FavoritesController:0x007fb399d0a0a8>):
  
app/controllers/favorites_controller.rb:12:in `query'
Started GET "/api" for 127.0.0.1 at 2017-08-08 16:46:55 -0400
Processing by FavoritesController#query as HTML
Completed 204 No Content in 98ms


Started GET "/api" for 127.0.0.1 at 2017-08-08 16:47:34 -0400
Processing by FavoritesController#query as HTML
Completed 200 OK in 1212ms (Views: 0.9ms)


Started GET "/api" for 127.0.0.1 at 2017-08-08 16:48:23 -0400
Processing by FavoritesController#query as HTML
Completed 500 Internal Server Error in 1ms


  
NoMethodError (undefined method `[]' for nil:NilClass):
  
app/controllers/favorites_controller.rb:11:in `query'
Started GET "/api" for 127.0.0.1 at 2017-08-08 16:48:41 -0400
Processing by FavoritesController#query as HTML
Completed 200 OK in 742ms (Views: 9.4ms)


Started GET "/api/nyc" for 127.0.0.1 at 2017-08-08 16:53:13 -0400
  
ActionController::RoutingError (No route matches [GET] "/api/nyc"):
  
actionpack (5.1.3) lib/action_dispatch/middleware/debug_exceptions.rb:63:in `call'
actionpack (5.1.3) lib/action_dispatch/middleware/show_exceptions.rb:31:in `call'
railties (5.1.3) lib/rails/rack/logger.rb:36:in `call_app'
railties (5.1.3) lib/rails/rack/logger.rb:24:in `block in call'
activesupport (5.1.3) lib/active_support/tagged_logging.rb:69:in `block in tagged'
activesupport (5.1.3) lib/active_support/tagged_logging.rb:26:in `tagged'
activesupport (5.1.3) lib/active_support/tagged_logging.rb:69:in `tagged'
railties (5.1.3) lib/rails/rack/logger.rb:24:in `call'
actionpack (5.1.3) lib/action_dispatch/middleware/remote_ip.rb:79:in `call'
actionpack (5.1.3) lib/action_dispatch/middleware/request_id.rb:25:in `call'
rack (2.0.3) lib/rack/runtime.rb:22:in `call'
activesupport (5.1.3) lib/active_support/cache/strategy/local_cache_middleware.rb:27:in `call'
actionpack (5.1.3) lib/action_dispatch/middleware/executor.rb:12:in `call'
actionpack (5.1.3) lib/action_dispatch/middleware/static.rb:125:in `call'
rack (2.0.3) lib/rack/sendfile.rb:111:in `call'
rack-cors (1.0.1) lib/rack/cors.rb:93:in `call'
railties (5.1.3) lib/rails/engine.rb:522:in `call'
puma (3.9.1) lib/puma/configuration.rb:224:in `call'
puma (3.9.1) lib/puma/server.rb:602:in `handle_request'
puma (3.9.1) lib/puma/server.rb:435:in `process_client'
puma (3.9.1) lib/puma/server.rb:299:in `block in run'
puma (3.9.1) lib/puma/thread_pool.rb:120:in `block in spawn_thread'
Started GET "/api" for 127.0.0.1 at 2017-08-08 16:53:21 -0400
Processing by FavoritesController#query as HTML
Completed 500 Internal Server Error in 1ms


  
NoMethodError (undefined method `[]' for nil:NilClass):
  
app/controllers/favorites_controller.rb:11:in `query'
Started GET "/api?newyork" for 127.0.0.1 at 2017-08-09 11:06:54 -0400
  [1m[35m (0.5ms)[0m  [1m[34mSELECT "schema_migrations"."version" FROM "schema_migrations" ORDER BY "schema_migrations"."version" ASC[0m
Processing by FavoritesController#query as HTML
  Parameters: {"newyork"=>nil}
Completed 500 Internal Server Error in 1ms (ActiveRecord: 0.0ms)


  
NoMethodError (undefined method `[]' for nil:NilClass):
  
app/controllers/favorites_controller.rb:11:in `query'
Started GET "/api?address=newyork" for 127.0.0.1 at 2017-08-09 11:07:02 -0400
Processing by FavoritesController#query as HTML
  Parameters: {"address"=>"newyork"}
Completed 500 Internal Server Error in 1ms (ActiveRecord: 0.0ms)


  
NoMethodError (undefined method `[]' for nil:NilClass):
  
app/controllers/favorites_controller.rb:11:in `query'
Started GET "/api?address=newyork" for 127.0.0.1 at 2017-08-09 11:07:40 -0400
Processing by FavoritesController#query as HTML
  Parameters: {"address"=>"newyork"}
Completed 200 OK in 653ms (Views: 9.0ms)


Started GET "/api?address=undefined" for 127.0.0.1 at 2017-08-09 11:30:29 -0400
Processing by FavoritesController#query as */*
  Parameters: {"address"=>"undefined"}
Completed 200 OK in 737ms (Views: 31.3ms)


Started GET "/api?address=undefined" for 127.0.0.1 at 2017-08-09 11:39:03 -0400
Processing by FavoritesController#query as */*
  Parameters: {"address"=>"undefined"}
Completed 200 OK in 501ms (Views: 8.4ms)


Started GET "/api?address=New%20York" for 127.0.0.1 at 2017-08-09 12:47:19 -0400
Processing by FavoritesController#query as */*
  Parameters: {"address"=>"New York"}
Completed 200 OK in 1063ms (Views: 27.4ms)


Started GET "/api?address=New%20York" for 127.0.0.1 at 2017-08-09 12:56:13 -0400
Processing by FavoritesController#query as */*
  Parameters: {"address"=>"New York"}
Completed 200 OK in 918ms (Views: 7.8ms)


Started GET "/api?address=New%20York" for 127.0.0.1 at 2017-08-09 12:58:05 -0400
Processing by FavoritesController#query as */*
  Parameters: {"address"=>"New York"}
Completed 200 OK in 787ms (Views: 10.5ms)


Started GET "/api?address=New%20York" for 127.0.0.1 at 2017-08-09 12:58:29 -0400
Processing by FavoritesController#query as */*
  Parameters: {"address"=>"New York"}
Completed 200 OK in 689ms (Views: 10.7ms)


Started GET "/api?address=New%20York" for 127.0.0.1 at 2017-08-09 13:02:43 -0400
Processing by FavoritesController#query as */*
  Parameters: {"address"=>"New York"}
Completed 200 OK in 754ms (Views: 14.4ms)


Started GET "/api?address=New%20York" for 127.0.0.1 at 2017-08-09 13:12:02 -0400
Processing by FavoritesController#query as */*
  Parameters: {"address"=>"New York"}
Completed 200 OK in 692ms (Views: 26.3ms)


Started GET "/api?address=New%20York" for 127.0.0.1 at 2017-08-09 13:16:49 -0400
Processing by FavoritesController#query as */*
  Parameters: {"address"=>"New York"}
Completed 200 OK in 732ms (Views: 23.7ms)


Started GET "/api?address=New%20York" for 127.0.0.1 at 2017-08-09 13:18:20 -0400
Processing by FavoritesController#query as */*
  Parameters: {"address"=>"New York"}
Completed 200 OK in 833ms (Views: 6.7ms)


Started GET "/api?address=New%20York" for 127.0.0.1 at 2017-08-09 13:19:24 -0400
Processing by FavoritesController#query as */*
  Parameters: {"address"=>"New York"}
Completed 200 OK in 634ms (Views: 6.2ms)


Started GET "/api?address=New%20York" for 127.0.0.1 at 2017-08-09 13:21:49 -0400
Processing by FavoritesController#query as */*
  Parameters: {"address"=>"New York"}
Completed 200 OK in 753ms (Views: 8.8ms)


Started GET "/api?address=New%20York" for 127.0.0.1 at 2017-08-09 13:27:17 -0400
Processing by FavoritesController#query as */*
  Parameters: {"address"=>"New York"}
Completed 200 OK in 666ms (Views: 10.0ms)


Started GET "/api?address=New%20York" for 127.0.0.1 at 2017-08-09 13:30:59 -0400
Processing by FavoritesController#query as */*
  Parameters: {"address"=>"New York"}
Completed 200 OK in 706ms (Views: 7.9ms)


Started GET "/api?address=New%20York" for 127.0.0.1 at 2017-08-09 13:35:20 -0400
Processing by FavoritesController#query as */*
  Parameters: {"address"=>"New York"}
Completed 200 OK in 734ms (Views: 25.3ms)


Started GET "/api?address=New%20York" for 127.0.0.1 at 2017-08-09 13:35:54 -0400
Processing by FavoritesController#query as */*
  Parameters: {"address"=>"New York"}
Completed 200 OK in 756ms (Views: 12.0ms)


Started GET "/api?address=New%20York" for 127.0.0.1 at 2017-08-09 13:36:51 -0400
Processing by FavoritesController#query as */*
  Parameters: {"address"=>"New York"}
Completed 200 OK in 941ms (Views: 13.0ms)


Started GET "/api?address=New%20York" for 127.0.0.1 at 2017-08-09 13:37:23 -0400
Processing by FavoritesController#query as */*
  Parameters: {"address"=>"New York"}
Completed 200 OK in 607ms (Views: 11.3ms)


Started GET "/api?address=New%20York" for 127.0.0.1 at 2017-08-09 13:37:52 -0400
Processing by FavoritesController#query as */*
  Parameters: {"address"=>"New York"}
Completed 200 OK in 770ms (Views: 12.4ms)


Started GET "/api?address=New%20York" for 127.0.0.1 at 2017-08-09 13:41:14 -0400
Processing by FavoritesController#query as */*
  Parameters: {"address"=>"New York"}
Completed 200 OK in 665ms (Views: 8.6ms)


Started GET "/api?address=New%20York" for 127.0.0.1 at 2017-08-09 13:43:37 -0400
Processing by FavoritesController#query as */*
  Parameters: {"address"=>"New York"}
Completed 200 OK in 615ms (Views: 9.7ms)


Started GET "/api?address=New%20York" for 127.0.0.1 at 2017-08-09 13:57:13 -0400
Processing by FavoritesController#query as */*
  Parameters: {"address"=>"New York"}
Completed 200 OK in 717ms (Views: 12.1ms)


Started GET "/api?address=New%20York" for 127.0.0.1 at 2017-08-09 16:44:23 -0400
Processing by FavoritesController#query as */*
  Parameters: {"address"=>"New York"}
Completed 200 OK in 722ms (Views: 15.5ms)


Started GET "/api?address=New%20York" for 127.0.0.1 at 2017-08-09 16:51:38 -0400
Processing by FavoritesController#query as */*
  Parameters: {"address"=>"New York"}
Completed 200 OK in 738ms (Views: 14.5ms)


Started GET "/api?address=New%20York" for 127.0.0.1 at 2017-08-09 16:54:29 -0400
Processing by FavoritesController#query as */*
  Parameters: {"address"=>"New York"}
Completed 200 OK in 592ms (Views: 14.8ms)


Started GET "/api?address=ny" for 127.0.0.1 at 2017-08-09 16:59:05 -0400
Processing by FavoritesController#query as */*
  Parameters: {"address"=>"ny"}
Completed 200 OK in 806ms (Views: 30.5ms)


Started GET "/api?address=ny" for 127.0.0.1 at 2017-08-09 16:59:37 -0400
Processing by FavoritesController#query as */*
  Parameters: {"address"=>"ny"}
Completed 200 OK in 607ms (Views: 12.6ms)


Started GET "/api?address=ny" for 127.0.0.1 at 2017-08-09 17:02:07 -0400
Processing by FavoritesController#query as */*
  Parameters: {"address"=>"ny"}
Completed 200 OK in 671ms (Views: 16.3ms)


Started GET "/api?address=ny" for 127.0.0.1 at 2017-08-09 17:03:33 -0400
Processing by FavoritesController#query as */*
  Parameters: {"address"=>"ny"}
Completed 200 OK in 648ms (Views: 9.1ms)


Started GET "/api?address=ny" for 127.0.0.1 at 2017-08-09 17:08:16 -0400
Processing by FavoritesController#query as */*
  Parameters: {"address"=>"ny"}
Completed 200 OK in 720ms (Views: 7.0ms)


Started GET "/api?address=ny" for 127.0.0.1 at 2017-08-09 17:10:02 -0400
Processing by FavoritesController#query as */*
  Parameters: {"address"=>"ny"}
Completed 200 OK in 572ms (Views: 8.1ms)


Started GET "/api?address=ny" for 127.0.0.1 at 2017-08-09 17:10:39 -0400
Processing by FavoritesController#query as */*
  Parameters: {"address"=>"ny"}
Completed 200 OK in 553ms (Views: 14.6ms)


Started GET "/api?address=ny" for 127.0.0.1 at 2017-08-09 17:11:46 -0400
Processing by FavoritesController#query as */*
  Parameters: {"address"=>"ny"}
Completed 200 OK in 727ms (Views: 8.8ms)


Started GET "/api?address=ny" for 127.0.0.1 at 2017-08-09 17:12:25 -0400
Processing by FavoritesController#query as */*
  Parameters: {"address"=>"ny"}
Completed 200 OK in 709ms (Views: 10.3ms)


Started GET "/api?address=ny" for 127.0.0.1 at 2017-08-09 18:08:30 -0400
Processing by FavoritesController#query as */*
  Parameters: {"address"=>"ny"}
Completed 200 OK in 971ms (Views: 21.1ms)


Started GET "/api?address=ny" for 127.0.0.1 at 2017-08-09 18:08:59 -0400
Processing by FavoritesController#query as */*
  Parameters: {"address"=>"ny"}
Completed 200 OK in 595ms (Views: 14.3ms)


Started GET "/api?address=ny" for 127.0.0.1 at 2017-08-09 18:09:38 -0400
Processing by FavoritesController#query as */*
  Parameters: {"address"=>"ny"}
Completed 200 OK in 1000ms (Views: 20.2ms)


Started GET "/api?address=ny" for 127.0.0.1 at 2017-08-09 18:10:00 -0400
Processing by FavoritesController#query as */*
  Parameters: {"address"=>"ny"}
Completed 200 OK in 655ms (Views: 29.2ms)


Started GET "/api?address=ny" for 127.0.0.1 at 2017-08-09 18:10:36 -0400
Processing by FavoritesController#query as */*
  Parameters: {"address"=>"ny"}
Completed 200 OK in 659ms (Views: 13.3ms)


Started GET "/api?address=ny" for 127.0.0.1 at 2017-08-09 18:11:17 -0400
Processing by FavoritesController#query as */*
  Parameters: {"address"=>"ny"}
Completed 200 OK in 597ms (Views: 7.3ms)


Started GET "/api?address=ny" for 127.0.0.1 at 2017-08-09 18:11:46 -0400
Processing by FavoritesController#query as */*
  Parameters: {"address"=>"ny"}
Completed 200 OK in 576ms (Views: 6.8ms)


Started GET "/api?address=ny" for 127.0.0.1 at 2017-08-09 18:12:33 -0400
Processing by FavoritesController#query as */*
  Parameters: {"address"=>"ny"}
Completed 200 OK in 738ms (Views: 7.7ms)


Started GET "/api?address=ny" for 127.0.0.1 at 2017-08-09 18:12:51 -0400
Processing by FavoritesController#query as */*
  Parameters: {"address"=>"ny"}
Completed 200 OK in 594ms (Views: 5.4ms)


Started GET "/api?address=ny" for 127.0.0.1 at 2017-08-09 18:13:22 -0400
Processing by FavoritesController#query as */*
  Parameters: {"address"=>"ny"}
Completed 200 OK in 590ms (Views: 9.0ms)


Started GET "/api?address=ny" for 127.0.0.1 at 2017-08-09 18:14:28 -0400
Processing by FavoritesController#query as */*
  Parameters: {"address"=>"ny"}
Completed 200 OK in 715ms (Views: 7.2ms)


Started GET "/api?address=ny" for 127.0.0.1 at 2017-08-09 18:15:00 -0400
Processing by FavoritesController#query as */*
  Parameters: {"address"=>"ny"}
Completed 200 OK in 567ms (Views: 16.0ms)


Started GET "/api?address=ny" for 127.0.0.1 at 2017-08-09 18:15:18 -0400
Processing by FavoritesController#query as */*
  Parameters: {"address"=>"ny"}
Completed 200 OK in 647ms (Views: 7.1ms)


Started GET "/api?address=ny" for 127.0.0.1 at 2017-08-09 18:16:21 -0400
Processing by FavoritesController#query as */*
  Parameters: {"address"=>"ny"}
Completed 200 OK in 576ms (Views: 7.0ms)


Started GET "/api?address=ny" for 127.0.0.1 at 2017-08-09 18:16:32 -0400
Processing by FavoritesController#query as */*
  Parameters: {"address"=>"ny"}
Completed 200 OK in 1691ms (Views: 6.0ms)


Started GET "/api?address=ny" for 127.0.0.1 at 2017-08-09 18:16:58 -0400
Processing by FavoritesController#query as */*
  Parameters: {"address"=>"ny"}
Completed 200 OK in 782ms (Views: 8.7ms)


Started GET "/api?address=ny" for 127.0.0.1 at 2017-08-09 18:33:24 -0400
Processing by FavoritesController#query as */*
  Parameters: {"address"=>"ny"}
Completed 200 OK in 645ms (Views: 10.0ms)


Started GET "/api?address=ny" for 127.0.0.1 at 2017-08-09 18:36:33 -0400
Processing by FavoritesController#query as */*
  Parameters: {"address"=>"ny"}
Completed 200 OK in 584ms (Views: 10.6ms)


Started GET "/api?address=ny" for 127.0.0.1 at 2017-08-09 18:37:39 -0400
Processing by FavoritesController#query as */*
  Parameters: {"address"=>"ny"}
Completed 200 OK in 870ms (Views: 10.1ms)


Started GET "/api?address=ny" for 127.0.0.1 at 2017-08-09 18:38:13 -0400
Processing by FavoritesController#query as */*
  Parameters: {"address"=>"ny"}
Completed 200 OK in 742ms (Views: 10.1ms)


Started GET "/api?address=ny" for 127.0.0.1 at 2017-08-09 18:38:40 -0400
Processing by FavoritesController#query as */*
  Parameters: {"address"=>"ny"}
Completed 200 OK in 708ms (Views: 10.7ms)


Started GET "/api?address=ny" for 127.0.0.1 at 2017-08-09 18:39:07 -0400
Processing by FavoritesController#query as */*
  Parameters: {"address"=>"ny"}
Completed 200 OK in 727ms (Views: 8.7ms)


Started GET "/api?address=ny" for 127.0.0.1 at 2017-08-09 18:39:29 -0400
Processing by FavoritesController#query as */*
  Parameters: {"address"=>"ny"}
Completed 200 OK in 574ms (Views: 7.0ms)


Started GET "/api?address=ny" for 127.0.0.1 at 2017-08-09 18:39:41 -0400
Processing by FavoritesController#query as */*
  Parameters: {"address"=>"ny"}
Completed 200 OK in 586ms (Views: 7.2ms)


Started GET "/api?address=ny" for 127.0.0.1 at 2017-08-09 18:40:00 -0400
Processing by FavoritesController#query as */*
  Parameters: {"address"=>"ny"}
Completed 200 OK in 622ms (Views: 6.5ms)


Started GET "/api?address=ny" for 127.0.0.1 at 2017-08-09 18:41:10 -0400
Processing by FavoritesController#query as */*
  Parameters: {"address"=>"ny"}
Completed 200 OK in 642ms (Views: 6.6ms)


Started GET "/api?address=ny" for 127.0.0.1 at 2017-08-09 18:44:36 -0400
Processing by FavoritesController#query as */*
  Parameters: {"address"=>"ny"}
Completed 200 OK in 1876ms (Views: 7.3ms)


Started GET "/api?address=ny" for 127.0.0.1 at 2017-08-09 18:45:03 -0400
Processing by FavoritesController#query as */*
  Parameters: {"address"=>"ny"}
Completed 200 OK in 658ms (Views: 8.2ms)


Started GET "/api?address=ny" for 127.0.0.1 at 2017-08-09 18:46:14 -0400
Processing by FavoritesController#query as */*
  Parameters: {"address"=>"ny"}
Completed 200 OK in 770ms (Views: 7.4ms)


Started GET "/api?address=ny" for 127.0.0.1 at 2017-08-09 18:46:57 -0400
Processing by FavoritesController#query as */*
  Parameters: {"address"=>"ny"}
Completed 200 OK in 746ms (Views: 7.9ms)


Started GET "/api?address=ny" for 127.0.0.1 at 2017-08-09 18:47:12 -0400
Processing by FavoritesController#query as */*
  Parameters: {"address"=>"ny"}
Completed 200 OK in 1138ms (Views: 6.6ms)


Started GET "/api?address=ny" for 127.0.0.1 at 2017-08-09 18:47:52 -0400
Processing by FavoritesController#query as */*
  Parameters: {"address"=>"ny"}
Completed 200 OK in 632ms (Views: 6.5ms)


Started GET "/api?address=ny" for 127.0.0.1 at 2017-08-09 18:49:17 -0400
Processing by FavoritesController#query as */*
  Parameters: {"address"=>"ny"}
Completed 200 OK in 831ms (Views: 6.3ms)


Started GET "/api?address=ny" for 127.0.0.1 at 2017-08-09 18:49:34 -0400
Processing by FavoritesController#query as */*
  Parameters: {"address"=>"ny"}
Completed 200 OK in 548ms (Views: 9.5ms)


Started GET "/api?address=ny" for 127.0.0.1 at 2017-08-09 18:51:14 -0400
Processing by FavoritesController#query as */*
  Parameters: {"address"=>"ny"}
Completed 200 OK in 623ms (Views: 8.2ms)


Started GET "/api?address=ny" for 127.0.0.1 at 2017-08-09 18:52:35 -0400
Processing by FavoritesController#query as */*
  Parameters: {"address"=>"ny"}
Completed 200 OK in 609ms (Views: 7.7ms)


Started GET "/api?address=ny" for 127.0.0.1 at 2017-08-09 18:52:47 -0400
Processing by FavoritesController#query as */*
  Parameters: {"address"=>"ny"}
Completed 200 OK in 707ms (Views: 6.4ms)


Started GET "/api?address=ny" for 127.0.0.1 at 2017-08-09 18:53:20 -0400
Processing by FavoritesController#query as */*
  Parameters: {"address"=>"ny"}
Completed 200 OK in 613ms (Views: 7.4ms)


Started GET "/api?address=ny" for 127.0.0.1 at 2017-08-09 18:53:33 -0400
Processing by FavoritesController#query as */*
  Parameters: {"address"=>"ny"}
Completed 200 OK in 562ms (Views: 7.0ms)


Started GET "/api?address=ny" for 127.0.0.1 at 2017-08-09 18:54:13 -0400
Processing by FavoritesController#query as */*
  Parameters: {"address"=>"ny"}
Completed 200 OK in 669ms (Views: 8.2ms)


Started GET "/api?address=ny" for 127.0.0.1 at 2017-08-10 10:41:28 -0400
Processing by FavoritesController#query as */*
  Parameters: {"address"=>"ny"}
Completed 200 OK in 949ms (Views: 22.0ms)


Started GET "/api?address=ny" for 127.0.0.1 at 2017-08-10 10:42:34 -0400
Processing by FavoritesController#query as */*
  Parameters: {"address"=>"ny"}
Completed 200 OK in 606ms (Views: 15.8ms)


Started GET "/api?address=ny" for 127.0.0.1 at 2017-08-10 10:43:03 -0400
Processing by FavoritesController#query as */*
  Parameters: {"address"=>"ny"}
Completed 200 OK in 552ms (Views: 18.0ms)


Started GET "/api?address=ny" for 127.0.0.1 at 2017-08-10 10:43:39 -0400
Processing by FavoritesController#query as */*
  Parameters: {"address"=>"ny"}
Completed 200 OK in 623ms (Views: 22.4ms)


Started GET "/api?address=ny" for 127.0.0.1 at 2017-08-10 10:44:00 -0400
Processing by FavoritesController#query as */*
  Parameters: {"address"=>"ny"}
Completed 200 OK in 572ms (Views: 8.6ms)


Started GET "/api?address=ny" for 127.0.0.1 at 2017-08-10 10:45:07 -0400
Processing by FavoritesController#query as */*
  Parameters: {"address"=>"ny"}
Completed 200 OK in 585ms (Views: 11.2ms)


Started GET "/api?address=ny" for 127.0.0.1 at 2017-08-10 10:45:31 -0400
Processing by FavoritesController#query as */*
  Parameters: {"address"=>"ny"}
Completed 200 OK in 583ms (Views: 7.3ms)


Started GET "/api?address=ny" for 127.0.0.1 at 2017-08-10 10:45:53 -0400
Processing by FavoritesController#query as */*
  Parameters: {"address"=>"ny"}
Completed 200 OK in 483ms (Views: 7.0ms)


Started GET "/api?address=ny" for 127.0.0.1 at 2017-08-10 10:46:34 -0400
Processing by FavoritesController#query as */*
  Parameters: {"address"=>"ny"}
Completed 200 OK in 616ms (Views: 6.9ms)


Started GET "/api?address=ny" for 127.0.0.1 at 2017-08-10 10:48:20 -0400
Processing by FavoritesController#query as */*
  Parameters: {"address"=>"ny"}
Completed 200 OK in 628ms (Views: 7.4ms)


Started GET "/api?address=ny" for 127.0.0.1 at 2017-08-10 10:48:58 -0400
Processing by FavoritesController#query as */*
  Parameters: {"address"=>"ny"}
Completed 200 OK in 598ms (Views: 6.6ms)


Started GET "/api?address=ny" for 127.0.0.1 at 2017-08-10 10:49:42 -0400
Processing by FavoritesController#query as */*
  Parameters: {"address"=>"ny"}
Completed 200 OK in 617ms (Views: 7.8ms)


Started GET "/api?address=ny" for 127.0.0.1 at 2017-08-10 10:50:47 -0400
Processing by FavoritesController#query as */*
  Parameters: {"address"=>"ny"}
Completed 200 OK in 600ms (Views: 6.4ms)


Started GET "/api?address=ny" for 127.0.0.1 at 2017-08-10 10:51:02 -0400
Processing by FavoritesController#query as */*
  Parameters: {"address"=>"ny"}
Completed 200 OK in 801ms (Views: 7.3ms)


Started GET "/api?address=ny" for 127.0.0.1 at 2017-08-10 10:51:26 -0400
Processing by FavoritesController#query as */*
  Parameters: {"address"=>"ny"}
Completed 200 OK in 683ms (Views: 6.6ms)


Started GET "/api?address=ny" for 127.0.0.1 at 2017-08-10 10:51:40 -0400
Processing by FavoritesController#query as */*
  Parameters: {"address"=>"ny"}
Completed 200 OK in 560ms (Views: 7.0ms)


Started GET "/api?address=ny" for 127.0.0.1 at 2017-08-10 10:51:52 -0400
Processing by FavoritesController#query as */*
  Parameters: {"address"=>"ny"}
Completed 200 OK in 598ms (Views: 6.8ms)


Started GET "/api?address=ny" for 127.0.0.1 at 2017-08-10 10:52:21 -0400
Processing by FavoritesController#query as */*
  Parameters: {"address"=>"ny"}
Completed 200 OK in 673ms (Views: 7.5ms)


Started GET "/api?address=ny" for 127.0.0.1 at 2017-08-10 10:52:50 -0400
Processing by FavoritesController#query as */*
  Parameters: {"address"=>"ny"}
Completed 200 OK in 719ms (Views: 6.6ms)


Started GET "/api?address=ny" for 127.0.0.1 at 2017-08-10 10:53:07 -0400
Processing by FavoritesController#query as */*
  Parameters: {"address"=>"ny"}
Completed 200 OK in 562ms (Views: 6.5ms)


Started GET "/api?address=ny" for 127.0.0.1 at 2017-08-10 10:53:43 -0400
Processing by FavoritesController#query as */*
  Parameters: {"address"=>"ny"}
Completed 200 OK in 750ms (Views: 7.0ms)


Started GET "/api?address=ny" for 127.0.0.1 at 2017-08-10 10:54:20 -0400
Processing by FavoritesController#query as */*
  Parameters: {"address"=>"ny"}
Completed 200 OK in 614ms (Views: 7.6ms)


Started GET "/api?address=ny" for 127.0.0.1 at 2017-08-10 10:54:35 -0400
Processing by FavoritesController#query as */*
  Parameters: {"address"=>"ny"}
Completed 200 OK in 628ms (Views: 9.9ms)


Started GET "/api?address=ny" for 127.0.0.1 at 2017-08-10 10:55:34 -0400
Processing by FavoritesController#query as */*
  Parameters: {"address"=>"ny"}
Completed 200 OK in 656ms (Views: 6.8ms)


Started GET "/api?address=ny" for 127.0.0.1 at 2017-08-10 10:57:15 -0400
Processing by FavoritesController#query as */*
  Parameters: {"address"=>"ny"}
Completed 200 OK in 985ms (Views: 6.9ms)


Started GET "/api?address=ny" for 127.0.0.1 at 2017-08-10 11:03:57 -0400
Processing by FavoritesController#query as */*
  Parameters: {"address"=>"ny"}
Completed 200 OK in 712ms (Views: 8.3ms)


Started GET "/api?address=ny" for 127.0.0.1 at 2017-08-10 11:06:17 -0400
Processing by FavoritesController#query as */*
  Parameters: {"address"=>"ny"}
Completed 200 OK in 631ms (Views: 10.9ms)


Started GET "/api?address=ny" for 127.0.0.1 at 2017-08-10 11:06:38 -0400
Processing by FavoritesController#query as */*
  Parameters: {"address"=>"ny"}
Completed 200 OK in 924ms (Views: 10.1ms)


Started GET "/api?address=ny" for 127.0.0.1 at 2017-08-10 11:07:57 -0400
Processing by FavoritesController#query as */*
  Parameters: {"address"=>"ny"}
Completed 200 OK in 878ms (Views: 19.3ms)


Started GET "/api?address=ny" for 127.0.0.1 at 2017-08-10 11:09:15 -0400
Processing by FavoritesController#query as */*
  Parameters: {"address"=>"ny"}
Completed 200 OK in 849ms (Views: 9.8ms)


Started GET "/api?address=ny" for 127.0.0.1 at 2017-08-10 11:09:43 -0400
Processing by FavoritesController#query as */*
  Parameters: {"address"=>"ny"}
Completed 200 OK in 585ms (Views: 6.9ms)


  [1m[36mUser Load (1.9ms)[0m  [1m[34mSELECT  "users".* FROM "users" LIMIT ?[0m  [["LIMIT", 11]]
Started GET "/api?address=%5Bobject%20Object%5D" for 127.0.0.1 at 2017-08-10 13:39:24 -0400
  [1m[35m (0.5ms)[0m  [1m[34mSELECT "schema_migrations"."version" FROM "schema_migrations" ORDER BY "schema_migrations"."version" ASC[0m
Processing by FavoritesController#query as */*
  Parameters: {"address"=>"[object Object]"}
Completed 200 OK in 610ms (Views: 7.4ms | ActiveRecord: 0.0ms)


Started GET "/api?address=%5Bobject%20Object%5D" for 127.0.0.1 at 2017-08-10 13:42:13 -0400
Processing by FavoritesController#query as */*
  Parameters: {"address"=>"[object Object]"}
Completed 200 OK in 776ms (Views: 8.0ms | ActiveRecord: 0.0ms)


Started GET "/api?address=%5Bobject%20Object%5D" for 127.0.0.1 at 2017-08-10 13:43:38 -0400
Processing by FavoritesController#query as */*
  Parameters: {"address"=>"[object Object]"}
Completed 200 OK in 987ms (Views: 9.5ms | ActiveRecord: 0.0ms)


Started GET "/api?address=%5Bobject%20Object%5D" for 127.0.0.1 at 2017-08-10 13:45:05 -0400
Processing by FavoritesController#query as */*
  Parameters: {"address"=>"[object Object]"}
Completed 200 OK in 1617ms (Views: 10.2ms | ActiveRecord: 0.0ms)


Started GET "/api?address=%5Bobject%20Object%5D" for 127.0.0.1 at 2017-08-10 13:46:04 -0400
Processing by FavoritesController#query as */*
  Parameters: {"address"=>"[object Object]"}
Completed 200 OK in 460ms (Views: 14.7ms | ActiveRecord: 0.0ms)


Started GET "/api?address=New%20York" for 127.0.0.1 at 2017-08-10 13:51:29 -0400
Processing by FavoritesController#query as */*
  Parameters: {"address"=>"New York"}
Completed 200 OK in 865ms (Views: 7.0ms | ActiveRecord: 0.0ms)


Started GET "/api?address=07901" for 127.0.0.1 at 2017-08-10 13:51:48 -0400
Processing by FavoritesController#query as */*
  Parameters: {"address"=>"07901"}
Completed 200 OK in 523ms (Views: 8.6ms | ActiveRecord: 0.0ms)


Started GET "/users" for 127.0.0.1 at 2017-08-10 16:35:56 -0400
  
ActionController::RoutingError (No route matches [GET] "/users"):
  
actionpack (5.1.3) lib/action_dispatch/middleware/debug_exceptions.rb:63:in `call'
actionpack (5.1.3) lib/action_dispatch/middleware/show_exceptions.rb:31:in `call'
railties (5.1.3) lib/rails/rack/logger.rb:36:in `call_app'
railties (5.1.3) lib/rails/rack/logger.rb:24:in `block in call'
activesupport (5.1.3) lib/active_support/tagged_logging.rb:69:in `block in tagged'
activesupport (5.1.3) lib/active_support/tagged_logging.rb:26:in `tagged'
activesupport (5.1.3) lib/active_support/tagged_logging.rb:69:in `tagged'
railties (5.1.3) lib/rails/rack/logger.rb:24:in `call'
actionpack (5.1.3) lib/action_dispatch/middleware/remote_ip.rb:79:in `call'
actionpack (5.1.3) lib/action_dispatch/middleware/request_id.rb:25:in `call'
rack (2.0.3) lib/rack/runtime.rb:22:in `call'
activesupport (5.1.3) lib/active_support/cache/strategy/local_cache_middleware.rb:27:in `call'
actionpack (5.1.3) lib/action_dispatch/middleware/executor.rb:12:in `call'
actionpack (5.1.3) lib/action_dispatch/middleware/static.rb:125:in `call'
rack (2.0.3) lib/rack/sendfile.rb:111:in `call'
rack-cors (1.0.1) lib/rack/cors.rb:93:in `call'
railties (5.1.3) lib/rails/engine.rb:522:in `call'
puma (3.9.1) lib/puma/configuration.rb:224:in `call'
puma (3.9.1) lib/puma/server.rb:602:in `handle_request'
puma (3.9.1) lib/puma/server.rb:435:in `process_client'
puma (3.9.1) lib/puma/server.rb:299:in `block in run'
puma (3.9.1) lib/puma/thread_pool.rb:120:in `block in spawn_thread'
Started GET "/login" for 127.0.0.1 at 2017-08-10 16:36:27 -0400
  
ActionController::RoutingError (No route matches [GET] "/login"):
  
actionpack (5.1.3) lib/action_dispatch/middleware/debug_exceptions.rb:63:in `call'
actionpack (5.1.3) lib/action_dispatch/middleware/show_exceptions.rb:31:in `call'
railties (5.1.3) lib/rails/rack/logger.rb:36:in `call_app'
railties (5.1.3) lib/rails/rack/logger.rb:24:in `block in call'
activesupport (5.1.3) lib/active_support/tagged_logging.rb:69:in `block in tagged'
activesupport (5.1.3) lib/active_support/tagged_logging.rb:26:in `tagged'
activesupport (5.1.3) lib/active_support/tagged_logging.rb:69:in `tagged'
railties (5.1.3) lib/rails/rack/logger.rb:24:in `call'
actionpack (5.1.3) lib/action_dispatch/middleware/remote_ip.rb:79:in `call'
actionpack (5.1.3) lib/action_dispatch/middleware/request_id.rb:25:in `call'
rack (2.0.3) lib/rack/runtime.rb:22:in `call'
activesupport (5.1.3) lib/active_support/cache/strategy/local_cache_middleware.rb:27:in `call'
actionpack (5.1.3) lib/action_dispatch/middleware/executor.rb:12:in `call'
actionpack (5.1.3) lib/action_dispatch/middleware/static.rb:125:in `call'
rack (2.0.3) lib/rack/sendfile.rb:111:in `call'
rack-cors (1.0.1) lib/rack/cors.rb:93:in `call'
railties (5.1.3) lib/rails/engine.rb:522:in `call'
puma (3.9.1) lib/puma/configuration.rb:224:in `call'
puma (3.9.1) lib/puma/server.rb:602:in `handle_request'
puma (3.9.1) lib/puma/server.rb:435:in `process_client'
puma (3.9.1) lib/puma/server.rb:299:in `block in run'
puma (3.9.1) lib/puma/thread_pool.rb:120:in `block in spawn_thread'
Started GET "/users/validate" for 127.0.0.1 at 2017-08-10 16:36:51 -0400
Processing by UsersController#validate as HTML
  [1m[36mUser Load (0.5ms)[0m  [1m[34mSELECT  "users".* FROM "users" WHERE "users"."auth_token" IS NULL LIMIT ?[0m  [["LIMIT", 1]]
Filter chain halted as :require_token rendered or redirected
Completed 401 Unauthorized in 10ms (Views: 0.4ms | ActiveRecord: 1.0ms)


Started GET "/api?address=New%20York" for 127.0.0.1 at 2017-08-10 18:10:47 -0400
Processing by FavoritesController#query as */*
  Parameters: {"address"=>"New York"}
Completed 200 OK in 1493ms (Views: 20.1ms | ActiveRecord: 0.0ms)


